[14:19:11] [main/INFO] (FabricLoader/GameProvider) Loading Minecraft 1.19.2 with Fabric Loader 0.14.10
[14:19:11] [ForkJoinPool-1-worker-1/WARN] (FabricLoader/Metadata) Mod endoftime uses the version ${version} which isn't compatible with Loader's extended semantic version format (Could not parse version number component '${version}'!), SemVer is recommended for reliably evaluating dependencies and prioritizing newer version
[14:19:11] [main/INFO] (FabricLoader) Loading 63 mods:
	- architectury 6.3.49
	- cardinal-components-base 5.0.2
	- cardinal-components-entity 5.0.2
	- cloth-basic-math 0.6.1 via cloth-config
	- cloth-config 8.2.88
	- disable_custom_worlds_advice 3.0
	- endoftime ${version}
	- error_notifier 1.0.9 via roughlyenoughitems
	- fabric-api 0.66.0+1.19.2
	- fabric-api-base 0.4.12+93d8cb8290
	- fabric-api-lookup-api-v1 1.6.10+93d8cb8290
	- fabric-biome-api-v1 9.0.18+c6af733c90
	- fabric-block-api-v1 1.0.0+12bfe4ea90
	- fabric-blockrenderlayer-v1 1.1.21+c6af733c90
	- fabric-client-tags-api-v1 1.0.2+b35fea8390
	- fabric-command-api-v2 2.1.8+93d8cb8290
	- fabric-content-registries-v0 3.4.1+6064db2a90
	- fabric-convention-tags-v1 1.1.2+93d8cb8290
	- fabric-crash-report-info-v1 0.2.6+aeb40ebe90
	- fabric-data-generation-api-v1 5.2.3+b598f4ac90
	- fabric-dimensions-v1 2.1.32+0dd10df690
	- fabric-entity-events-v1 1.5.0+a1d87cb890
	- fabric-events-interaction-v0 0.4.29+c6af733c90
	- fabric-game-rule-api-v1 1.0.22+c6af733c90
	- fabric-gametest-api-v1 1.1.2+704e47e990
	- fabric-item-api-v1 1.5.8+93d8cb8290
	- fabric-item-groups-v0 0.3.33+70efcffe90
	- fabric-key-binding-api-v1 1.0.22+aaaf9d3390
	- fabric-lifecycle-events-v1 2.2.0+33ffe9ec90
	- fabric-loot-api-v2 1.1.7+83a8659290
	- fabric-message-api-v1 5.0.4+93d8cb8290
	- fabric-mining-level-api-v1 2.1.18+33fbc73890
	- fabric-models-v0 0.3.18+c6af733c90
	- fabric-networking-api-v1 1.2.5+c6af733c90
	- fabric-object-builder-api-v1 4.1.0+06e0e25190
	- fabric-particles-v1 1.0.11+79adfe0a90
	- fabric-registry-sync-v0 0.9.26+c6af733c90
	- fabric-renderer-api-v1 1.0.13+12bfe4ea90
	- fabric-renderer-indigo 0.6.15+aeb40ebe90
	- fabric-rendering-data-attachment-v1 0.3.16+12bfe4ea90
	- fabric-rendering-fluids-v1 3.0.8+c6af733c90
	- fabric-rendering-v1 1.11.0+73145abb90
	- fabric-resource-conditions-api-v1 2.1.0+aae9039d90
	- fabric-resource-loader-v0 0.7.3+3e1ba48e90
	- fabric-screen-api-v1 1.0.27+93d8cb8290
	- fabric-screen-handler-api-v1 1.3.1+1cc24b1b90
	- fabric-sound-api-v1 1.0.0+c4f28df590
	- fabric-textures-v0 1.0.21+aeb40ebe90
	- fabric-transfer-api-v1 2.1.1+93d8cb8290
	- fabric-transitive-access-wideners-v1 1.3.1+42d99c3290
	- fabricloader 0.14.10
	- geckolib3 3.1.36
	- io_github_douira_glsl-transformer 1.0.0-pre21.2 via iris
	- iris 1.4.0
	- java 17
	- lazydfu 0.1.3
	- minecraft 1.19.2
	- modmenu 4.1.0
	- org_anarres_jcpp 1.4.14 via iris
	- org_antlr_antlr4-runtime 4.10.1 via iris
	- org_joml_joml 1.10.4 via sodium
	- roughlyenoughitems 9.1.565
	- sodium 0.4.4+build.18
[14:19:16] [main/INFO] (FabricLoader/Mixin) SpongePowered MIXIN Subsystem Version=0.8.5 Source=file:/C:/Users/Shado/.gradle/caches/modules-2/files-2.1/net.fabricmc/sponge-mixin/0.11.4+mixin.0.8.5/c1dc27696aa4006e492c2485c9ccbcb26045a971/sponge-mixin-0.11.4+mixin.0.8.5.jar Service=Knot/Fabric Env=CLIENT
[14:19:16] [main/INFO] (FabricLoader/Mixin) Loaded Fabric development mappings for mixin remapper!
[14:19:16] [main/INFO] (FabricLoader/Mixin) Compatibility level set to JAVA_16
[14:19:16] [main/INFO] (FabricLoader/Mixin) Compatibility level set to JAVA_17
[14:19:17] [main/INFO] (Sodium) Loaded configuration file for Sodium: 29 options available, 1 override(s) found
[14:19:17] [main/WARN] (Sodium) Force-disabling mixin 'features.sky.MixinWorldRenderer' as rule 'mixin.features.sky' (added by mods [iris]) disables it and children
[14:19:18] [main/WARN] (FileUtil) Configuration conflict: there is more than one oshi.properties file on the classpath
[14:19:18] [main/WARN] (FileUtil) Configuration conflict: there is more than one oshi.architecture.properties file on the classpath
[14:19:22] [main/INFO] (Minecraft) Building unoptimized datafixer
[14:19:24] [Render thread/WARN] (FabricLoader/Mixin) Method overwrite conflict for quad in sodium.mixins.json:features.buffer_builder.intrinsics.MixinBufferBuilder from mod sodium, previously written by net.coderbot.iris.mixin.vertices.block_rendering.MixinBufferBuilder_SeparateAo. Skipping method.
[14:19:24] [Render thread/INFO] (Minecraft) Environment: authHost='https://authserver.mojang.com', accountsHost='https://api.mojang.com', sessionHost='https://sessionserver.mojang.com', servicesHost='https://api.minecraftservices.com', name='PROD'
[14:19:24] [Render thread/INFO] (fabric-screen-api-v1) [Iris] Suppressing Yggdrasil authentication check because this is a development environment
[14:19:24] [Render thread/INFO] (fabric-screen-api-v1) Setting user: Player172
[14:19:24] [Render thread/INFO] (REI) [REI] Config loaded
[14:19:24] [Render thread/INFO] (NetworkManagerImpl) Registering S2C receiver with id roughlyenoughitems:request_tags_s2c
[14:19:24] [Render thread/INFO] (NetworkManagerImpl) Registering C2S receiver with id roughlyenoughitems:request_tags_c2s
[14:19:24] [Render thread/INFO] (REI) [REI] Registered plugin provider DefaultPlugin [roughlyenoughitems] for REIPlugin
[14:19:24] [Render thread/INFO] (REI) [REI] Registered plugin provider DefaultRuntimePlugin [roughlyenoughitems] for REIPlugin
[14:19:24] [Render thread/INFO] (REI) [REI] Registered plugin provider DefaultClientPlugin [roughlyenoughitems] for REIPlugin
[14:19:24] [Render thread/INFO] (REI) [REI] Registered plugin provider DefaultClientRuntimePlugin [roughlyenoughitems] for REIPlugin
[14:19:24] [Render thread/INFO] (REI) [REI] Registered plugin provider DefaultPlugin [roughlyenoughitems] for REIServerPlugin
[14:19:24] [Render thread/INFO] (REI) [REI] Registered plugin provider DefaultRuntimePlugin [roughlyenoughitems] for REIServerPlugin
[14:19:24] [Render thread/INFO] (REI) [REI] Registered plugin provider FabricFluidAPISupportPlugin for REIServerPlugin
[14:19:24] [Render thread/INFO] (REI) [REI] Registered plugin provider FabricFluidAPISupportPlugin for REIPlugin
[14:19:24] [Render thread/INFO] (NetworkManagerImpl) Registering C2S receiver with id roughlyenoughitems:delete_item
[14:19:24] [Render thread/INFO] (NetworkManagerImpl) Registering C2S receiver with id roughlyenoughitems:create_item
[14:19:24] [Render thread/INFO] (NetworkManagerImpl) Registering C2S receiver with id roughlyenoughitems:create_item_grab
[14:19:24] [Render thread/INFO] (NetworkManagerImpl) Registering C2S receiver with id roughlyenoughitems:create_item_hotbar
[14:19:24] [Render thread/INFO] (NetworkManagerImpl) Registering C2S receiver with id roughlyenoughitems:move_items
[14:19:24] [Render thread/ERROR] (Minecraft) No data fixer registered for geoexampleentity
[14:19:24] [Render thread/ERROR] (Minecraft) No data fixer registered for bikeentity
[14:19:24] [Render thread/ERROR] (Minecraft) No data fixer registered for carentity
[14:19:24] [Render thread/ERROR] (Minecraft) No data fixer registered for extendedrendererentity
[14:19:24] [Render thread/ERROR] (Minecraft) No data fixer registered for textureperbonetestentity
[14:19:24] [Render thread/ERROR] (Minecraft) No data fixer registered for leentity
[14:19:24] [Render thread/ERROR] (Minecraft) No data fixer registered for rocketprojectile
[14:19:25] [Render thread/INFO] (REI) [REI] Registered plugin provider DefaultClientPlugin [roughlyenoughitems] for REIClientPlugin
[14:19:25] [Render thread/INFO] (REI) [REI] Registered plugin provider DefaultClientRuntimePlugin [roughlyenoughitems] for REIClientPlugin
[14:19:25] [Render thread/INFO] (NetworkManagerImpl) Registering S2C receiver with id roughlyenoughitems:ci_msg
[14:19:25] [Render thread/INFO] (NetworkManagerImpl) Registering S2C receiver with id roughlyenoughitems:og_not_enough
[14:19:25] [Render thread/INFO] (Indigo) [Indigo] Different rendering plugin detected; not applying Indigo.
[14:19:25] [Render thread/WARN] (FabricLoader/Mixin) Static binding violation: PRIVATE @Overwrite method renderBakedItemModel in sodium.mixins.json:features.item.MixinItemRenderer from mod sodium cannot reduce visibiliy of PUBLIC target method, visibility will be upgraded.
[14:19:25] [Render thread/INFO] (NetworkManagerImpl) Registering S2C receiver with id architectury:spawn_entity_packet
[14:19:25] [ForkJoinPool.commonPool-worker-1/WARN] (Iris) [Iris Update Check] Cached update file detected, using that!
[14:19:25] [ForkJoinPool.commonPool-worker-1/WARN] (Iris) [Iris Update Check] New update detected, showing update message!
[14:19:25] [Render thread/INFO] (fabric-screen-api-v1) Backend library: LWJGL version 3.3.1 SNAPSHOT
[14:19:26] [Render thread/INFO] (Iris) ARB_direct_state_access detected, enabling DSA.
[14:19:26] [Render thread/INFO] (Iris) Debug functionality is disabled.
[14:19:26] [Render thread/INFO] (Iris) Shaders are disabled because no valid shaderpack is selected
[14:19:26] [Render thread/INFO] (Iris) Shaders are disabled
[14:19:26] [Render thread/INFO] (Iris) Hardware information:
[14:19:26] [Render thread/INFO] (Iris) CPU: 12x AMD Ryzen 5 5600X 6-Core Processor 
[14:19:26] [Render thread/INFO] (Iris) GPU: AMD Radeon RX 6700 XT (Supports OpenGL 3.2.14800 Core Profile Forward-Compatible Context 22.6.1 30.0.21023.1015)
[14:19:26] [Render thread/INFO] (Iris) OS: Windows 11 (10.0)
[14:19:26] [Worker-Main-2/ERROR] (Minecraft) Failed to retrieve profile key pair
java.io.IOException: Could not retrieve profile key pair
	at net.minecraft.client.util.ProfileKeys.fetchKeyPair(ProfileKeys.java:181) ~[minecraft-project-@-merged-named.jar:?]
	at net.minecraft.client.util.ProfileKeys.method_44291(ProfileKeys.java:79) ~[minecraft-project-@-merged-named.jar:?]
	at java.util.concurrent.CompletableFuture$AsyncSupply.run(Unknown Source) [?:?]
	at java.util.concurrent.CompletableFuture$AsyncSupply.exec(Unknown Source) [?:?]
	at java.util.concurrent.ForkJoinTask.doExec(Unknown Source) [?:?]
	at java.util.concurrent.ForkJoinPool$WorkQueue.topLevelExec(Unknown Source) [?:?]
	at java.util.concurrent.ForkJoinPool.scan(Unknown Source) [?:?]
	at java.util.concurrent.ForkJoinPool.runWorker(Unknown Source) [?:?]
	at java.util.concurrent.ForkJoinWorkerThread.run(Unknown Source) [?:?]
[14:19:26] [Render thread/INFO] (Minecraft) Narrator library for x64 successfully loaded
[14:19:26] [Render thread/INFO] (Minecraft) Reloading ResourceManager: Default, Fabric Mods (Fabric Loot API (v2), Fabric Textures (v0), Fabric Particles (v1), Fabric Transitive Access Wideners (v1), Fabric Data Generation API (v1), Iris, Fabric Crash Report Info (v1), Fabric Command API (v2), Sodium, Fabric Mining Level API (v1), Fabric API, Fabric Rendering Fluids (v1), Fabric Entity Events (v1), Fabric Screen API (v1), LazyDFU, Fabric Transfer API (v1), Roughly Enough Items, Mod Menu, Fabric Message API (v1), Fabric Lifecycle Events (v1), Fabric Game Rule API (v1), Fabric Key Binding API (v1), Cardinal Components API (entities), Fabric Networking API (v1), Fabric Loader, Fabric Rendering Data Attachment (v1), Fabric Sound API (v1), Fabric Events Interaction (v0), End of Time, Fabric Resource Loader (v0), Fabric API Lookup API (v1), Fabric BlockRenderLayer Registration (v1), Fabric Models (v0), Fabric Screen Handler API (v1), Fabric Renderer API (v1), Fabric Content Registries (v0), Fabric Dimensions API (v1), Fabric Biome API (v1), Fabric Renderer - Indigo, Fabric Rendering (v1), Fabric Resource Conditions API (v1), Cloth Config v8, Fabric Item Groups (v0), Cardinal Components API (base), Fabric Client Tags, Fabric Item API (v1), Geckolib, Fabric API Base, Fabric Registry Sync (v0), Disable Custom Worlds Advice, Fabric Game Test API (v1), Fabric Convention Tags, Fabric Object Builder API (v1))
[14:19:27] [Render thread/INFO] (Iris) Creating pipeline for dimension OVERWORLD
[14:19:27] [Realms Notification Availability checker #1/INFO] (Minecraft) Could not authorize you against Realms server: Invalid session id
[14:19:28] [Render thread/WARN] (Minecraft) Missing sound for event: minecraft:item.goat_horn.play
[14:19:28] [Render thread/WARN] (Minecraft) Missing sound for event: minecraft:entity.goat.screaming.horn_break
[14:19:28] [Render thread/INFO] (Minecraft) OpenAL initialized on device OpenAL Soft on THX (THX Spatial)
[14:19:28] [Render thread/INFO] (Minecraft) Sound engine started
[14:19:28] [Render thread/INFO] (Minecraft) Created: 1024x512x4 minecraft:textures/atlas/blocks.png-atlas
[14:19:28] [Render thread/INFO] (Minecraft) Created: 256x128x4 minecraft:textures/atlas/signs.png-atlas
[14:19:28] [Render thread/INFO] (Minecraft) Created: 512x512x4 minecraft:textures/atlas/banner_patterns.png-atlas
[14:19:28] [Render thread/INFO] (Minecraft) Created: 512x512x4 minecraft:textures/atlas/shield_patterns.png-atlas
[14:19:28] [Render thread/INFO] (Minecraft) Created: 256x256x4 minecraft:textures/atlas/chest.png-atlas
[14:19:28] [Render thread/INFO] (Minecraft) Created: 512x256x4 minecraft:textures/atlas/beds.png-atlas
[14:19:28] [Render thread/INFO] (Minecraft) Created: 512x256x4 minecraft:textures/atlas/shulker_boxes.png-atlas
[14:19:29] [Render thread/WARN] (Minecraft) Shader rendertype_entity_translucent_emissive could not find sampler named Sampler2 in the specified shader program.
[14:19:29] [Render thread/INFO] (Minecraft) Created: 256x256x0 minecraft:textures/atlas/particles.png-atlas
[14:19:29] [Render thread/INFO] (Minecraft) Created: 256x256x0 minecraft:textures/atlas/paintings.png-atlas
[14:19:29] [Render thread/INFO] (Minecraft) Created: 128x128x0 minecraft:textures/atlas/mob_effects.png-atlas
[14:19:35] [Render thread/INFO] (Minecraft) Deleting level New World
[14:19:35] [Render thread/INFO] (Minecraft) Attempt 1...
[14:19:36] [Render thread/INFO] (Minecraft) Loaded 7 recipes
[14:19:37] [Render thread/INFO] (Minecraft) Loaded 1179 advancements
[14:19:41] [Render thread/INFO] (Minecraft) Loaded 7 recipes
[14:19:41] [Render thread/INFO] (Minecraft) Loaded 1179 advancements
[14:19:42] [Worker-Main-3/ERROR] (Minecraft) Failed to retrieve profile key pair
java.io.IOException: Could not retrieve profile key pair
	at net.minecraft.client.util.ProfileKeys.fetchKeyPair(ProfileKeys.java:181) ~[minecraft-project-@-merged-named.jar:?]
	at net.minecraft.client.util.ProfileKeys.method_44291(ProfileKeys.java:79) ~[minecraft-project-@-merged-named.jar:?]
	at java.util.concurrent.CompletableFuture$AsyncSupply.run(Unknown Source) [?:?]
	at java.util.concurrent.CompletableFuture$AsyncSupply.exec(Unknown Source) [?:?]
	at java.util.concurrent.ForkJoinTask.doExec(Unknown Source) [?:?]
	at java.util.concurrent.ForkJoinPool$WorkQueue.topLevelExec(Unknown Source) [?:?]
	at java.util.concurrent.ForkJoinPool.scan(Unknown Source) [?:?]
	at java.util.concurrent.ForkJoinPool.runWorker(Unknown Source) [?:?]
	at java.util.concurrent.ForkJoinWorkerThread.run(Unknown Source) [?:?]
[14:19:42] [Render thread/INFO] (BiomeModificationImpl) Applied 0 biome modifications to 0 of 64 new biomes in 3.214 ms
[14:19:42] [Server thread/INFO] (Minecraft) Starting integrated minecraft server version 1.19.2
[14:19:42] [Server thread/INFO] (Minecraft) Generating keypair
[14:19:44] [Server thread/INFO] (Minecraft) Preparing start region for dimension minecraft:overworld
[14:19:44] [Render thread/INFO] (Minecraft) Preparing spawn area: 0%
[14:19:44] [Render thread/INFO] (Minecraft) Preparing spawn area: 0%
[14:19:45] [Render thread/INFO] (Minecraft) Preparing spawn area: 0%
[14:19:45] [Render thread/INFO] (Minecraft) Preparing spawn area: 0%
[14:19:46] [Render thread/INFO] (Minecraft) Preparing spawn area: 1%
[14:19:46] [Render thread/INFO] (Minecraft) Preparing spawn area: 5%
[14:19:47] [Render thread/INFO] (Minecraft) Preparing spawn area: 5%
[14:19:47] [Render thread/INFO] (Minecraft) Preparing spawn area: 8%
[14:19:48] [Render thread/INFO] (Minecraft) Preparing spawn area: 12%
[14:19:48] [Render thread/INFO] (Minecraft) Preparing spawn area: 12%
[14:19:49] [Render thread/INFO] (Minecraft) Preparing spawn area: 15%
[14:19:49] [Render thread/INFO] (Minecraft) Preparing spawn area: 15%
[14:19:50] [Render thread/INFO] (Minecraft) Preparing spawn area: 15%
[14:19:50] [Render thread/INFO] (Minecraft) Preparing spawn area: 29%
[14:19:51] [Render thread/INFO] (Minecraft) Preparing spawn area: 32%
[14:19:51] [Render thread/INFO] (Minecraft) Preparing spawn area: 32%
[14:19:52] [Render thread/INFO] (Minecraft) Preparing spawn area: 42%
[14:19:52] [Render thread/INFO] (Minecraft) Preparing spawn area: 48%
[14:19:53] [Render thread/INFO] (Minecraft) Preparing spawn area: 52%
[14:19:53] [Render thread/INFO] (Minecraft) Preparing spawn area: 60%
[14:19:54] [Render thread/INFO] (Minecraft) Preparing spawn area: 63%
[14:19:54] [Render thread/INFO] (Minecraft) Preparing spawn area: 63%
[14:19:55] [Render thread/INFO] (Minecraft) Preparing spawn area: 87%
[14:19:55] [Render thread/INFO] (Minecraft) Preparing spawn area: 95%
[14:19:55] [Render thread/INFO] (Minecraft) Time elapsed: 11708 ms
[14:19:55] [Server thread/INFO] (Minecraft) Changing view distance to 12, from 10
[14:19:55] [Server thread/INFO] (Minecraft) Changing simulation distance to 12, from 0
[14:19:56] [Server thread/INFO] (Minecraft) Player172[local:E:c94313ed] logged in with entity id 1 at (0.5, 79.0, 28.5)
[14:19:56] [Server thread/INFO] (Minecraft) Player172 joined the game
[14:19:56] [Server thread/INFO] (endoftime) You have received your spawn items!
[14:19:57] [Render thread/WARN] (FabricLoader/Mixin) Error loading class: net/minecraft/world/level/material/FluidState (java.lang.ClassNotFoundException: net/minecraft/world/level/material/FluidState)
[14:19:57] [Render thread/WARN] (FabricLoader/Mixin) @Redirect conflict. Skipping mixins.iris.compat.sodium.json:vertex_format.MixinFluidRenderer from mod iris->@Redirect::iris$fixSidewaysInnerFaceNormal(Lme/jellysquid/mods/sodium/client/model/IndexBufferBuilder;ILme/jellysquid/mods/sodium/client/model/quad/properties/ModelQuadWinding;Lnet/minecraft/world/BlockRenderView;Lnet/minecraft/fluid/FluidState;Lnet/minecraft/util/math/BlockPos;Lnet/minecraft/util/math/BlockPos;Lme/jellysquid/mods/sodium/client/render/chunk/compile/buffers/ChunkModelBuilder;)V with priority 1000, already redirected by mixins.iris.compat.sodium.json:vertex_format.MixinFluidRenderer from mod iris->@Redirect::iris$fixBackwardUpFaceNormal(Lme/jellysquid/mods/sodium/client/model/IndexBufferBuilder;ILme/jellysquid/mods/sodium/client/model/quad/properties/ModelQuadWinding;Lnet/minecraft/world/BlockRenderView;Lnet/minecraft/fluid/FluidState;Lnet/minecraft/util/math/BlockPos;Lnet/minecraft/util/math/BlockPos;Lme/jellysquid/mods/sodium/client/render/chunk/compile/buffers/ChunkModelBuilder;)V with priority 1000
[14:19:57] [Render thread/INFO] (ChunkBuilder) Started 6 worker threads
[14:19:57] [Render thread/INFO] (Minecraft) [System] [CHAT] Iris 1.4.2 has (re-)released, with a texture corruption fix. Download it at: Modrinth
[14:19:57] [REI-ReloadPlugins/INFO] (REI) [REI] Reloading Plugin Manager [REIPlugin] stage [START], registered 5 plugins: DefaultRuntimePlugin of DefaultRuntimePlugin [roughlyenoughitems], DefaultClientRuntimePlugin of DefaultClientRuntimePlugin [roughlyenoughitems], FabricFluidAPISupportPlugin, DefaultPlugin of DefaultPlugin [roughlyenoughitems], DefaultClientPlugin of DefaultClientPlugin [roughlyenoughitems]
[14:19:57] [REI-ReloadPlugins/INFO] (REI) [REI] Reloading Plugin Manager [REIClientPlugin] stage [START], registered 2 plugins: DefaultClientRuntimePlugin of DefaultClientRuntimePlugin [roughlyenoughitems], DefaultClientPlugin of DefaultClientPlugin [roughlyenoughitems]
[14:19:57] [REI-ReloadPlugins/INFO] (REI) [REI] Reloading Plugin Manager [REIServerPlugin] stage [START], registered 3 plugins: DefaultRuntimePlugin of DefaultRuntimePlugin [roughlyenoughitems], FabricFluidAPISupportPlugin, DefaultPlugin of DefaultPlugin [roughlyenoughitems]
[14:19:57] [REI-ReloadPlugins/INFO] (REI) [REI] Reloaded Plugin Manager [REIPlugin] with 5 plugins in 52.40 ms.
[14:19:57] [REI-ReloadPlugins/INFO] (REI) [REI] Reloaded Plugin Manager [REIClientPlugin] with 2 plugins in 103.6 ms.
[14:19:57] [REI-ReloadPlugins/INFO] (REI) [REI] Reloaded Plugin Manager [REIServerPlugin] with 3 plugins in 2.032 ms.
[14:19:57] [REI-ReloadPlugins/INFO] (REI) [REI] Reloading Plugin Manager [REIPlugin] stage [END], registered 5 plugins: DefaultRuntimePlugin of DefaultRuntimePlugin [roughlyenoughitems], DefaultClientRuntimePlugin of DefaultClientRuntimePlugin [roughlyenoughitems], FabricFluidAPISupportPlugin, DefaultPlugin of DefaultPlugin [roughlyenoughitems], DefaultClientPlugin of DefaultClientPlugin [roughlyenoughitems]
[14:19:57] [REI-ReloadPlugins/INFO] (REI) [REI] Reloading Plugin Manager [REIClientPlugin] stage [END], registered 2 plugins: DefaultClientRuntimePlugin of DefaultClientRuntimePlugin [roughlyenoughitems], DefaultClientPlugin of DefaultClientPlugin [roughlyenoughitems]
[14:19:57] [Render thread/INFO] (Minecraft) Loaded 0 advancements
[14:19:57] [REI-ReloadPlugins/INFO] (REI) [REI] Reloading Plugin Manager [REIServerPlugin] stage [END], registered 3 plugins: DefaultRuntimePlugin of DefaultRuntimePlugin [roughlyenoughitems], FabricFluidAPISupportPlugin, DefaultPlugin of DefaultPlugin [roughlyenoughitems]
[14:19:57] [REI-ReloadPlugins/INFO] (REI) [REI] Reloaded Plugin Manager [REIPlugin] with 5 plugins in 35.46 ms.
[14:19:57] [REI-ReloadPlugins/INFO] (REI) [REI] Reloaded Plugin Manager [REIClientPlugin] with 2 plugins in 215.4 ms.
[14:19:57] [REI-ReloadPlugins/INFO] (REI) [REI] Reloaded Plugin Manager [REIServerPlugin] with 3 plugins in 10.29 ms.
[14:19:59] [Server thread/INFO] (Minecraft) Saving and pausing game...
[14:19:59] [Server thread/INFO] (Minecraft) Saving chunks for level 'ServerLevel[New World]'/minecraft:overworld
[14:22:21] [Server thread/INFO] (Minecraft) [Player172: Set own game mode to Spectator Mode]
[14:22:21] [Render thread/INFO] (Minecraft) [System] [CHAT] Set own game mode to Spectator Mode
[14:23:38] [Server thread/INFO] (Minecraft) Saving and pausing game...
[14:23:38] [Server thread/INFO] (Minecraft) Saving chunks for level 'ServerLevel[New World]'/minecraft:overworld
[14:23:48] [Server thread/INFO] (Minecraft) Player172 lost connection: Disconnected
[14:23:48] [Server thread/INFO] (Minecraft) Player172 left the game
[14:23:48] [Server thread/INFO] (Minecraft) Stopping singleplayer server as player logged out
[14:23:48] [Server thread/INFO] (Minecraft) Stopping server
[14:23:48] [Server thread/INFO] (Minecraft) Saving players
[14:23:48] [Server thread/INFO] (Minecraft) Saving worlds
[14:23:49] [Server thread/INFO] (Minecraft) Saving chunks for level 'ServerLevel[New World]'/minecraft:overworld
[14:23:49] [Server thread/INFO] (Minecraft) ThreadedAnvilChunkStorage (New World): All chunks are saved
[14:23:49] [Server thread/INFO] (Minecraft) ThreadedAnvilChunkStorage: All dimensions are saved
[14:23:49] [Render thread/INFO] (ChunkBuilder) Stopping worker threads
[14:23:50] [Render thread/INFO] (fabric-screen-api-v1) Stopping!
